0 info it worked if it ends with ok
1 verbose cli [ 'E:\\install\\nodejs\\node.exe',
1 verbose cli   'C:\\Users\\yicj\\AppData\\Roaming\\npm\\node_modules\\npm\\bin\\npm-cli.js',
1 verbose cli   'run',
1 verbose cli   'webpack' ]
2 info using npm@4.0.2
3 info using node@v6.10.2
4 verbose run-script [ 'prewebpack', 'webpack', 'postwebpack' ]
5 info lifecycle typescript_stu2@1.0.0~prewebpack: typescript_stu2@1.0.0
6 silly lifecycle typescript_stu2@1.0.0~prewebpack: no script for prewebpack, continuing
7 info lifecycle typescript_stu2@1.0.0~webpack: typescript_stu2@1.0.0
8 verbose lifecycle typescript_stu2@1.0.0~webpack: unsafe-perm in lifecycle true
9 verbose lifecycle typescript_stu2@1.0.0~webpack: PATH: C:\Users\yicj\AppData\Roaming\npm\node_modules\npm\bin\node-gyp-bin;E:\code\webstorm\js-study\typescript_stu2\node_modules\.bin;E:\资料\zip\小工具\cmder\cmder_mini\bin;E:\资料\zip\小工具\cmder\cmder_mini\vendor\msysgit\bin;E:\资料\zip\小工具\cmder\cmder_mini\vendor\msysgit\mingw\bin;E:\资料\zip\小工具\cmder\cmder_mini\vendor\msysgit\cmd;E:\资料\zip\小工具\cmder\cmder_mini\vendor\msysgit\share\vim\vim74;E:\资料\zip\小工具\cmder\cmder_mini;E:\资料\zip\小工具\cmder\cmder_mini\vendor\conemu-maximus5\ConEmu;E:\资料\zip\小工具\cmder\cmder_mini\vendor\conemu-maximus5;C:\Windows\system32;C:\Windows;C:\Windows\System32\Wbem;C:\Windows\System32\WindowsPowerShell\v1.0\;D:\Program Files\TortoiseGit\bin;E:\install\Java\jdk1.7.0_79\bin;E:\install\Java\jdk1.7.0_79\jre\bin;E:\install\Python33;E:\install\apache-maven-3.3.9\bin;E:\install\MySQL\MySQL Server 5.1\bin;E:\install\MongoDB\Server\3.0\bin;E:\install\Git\cmd;E:\install\nvm;E:\install\nodejs;C:\Program Files (x86)\NVIDIA Corporation\PhysX\Common;E:\install\nodejs\;E:\install\Ruby21\bin;C:\Users\yicj\AppData\Local\atom\bin;E:\install\Microsoft VS Code\bin;E:\install\nvm;E:\install\nodejs;C:\Users\yicj\AppData\Roaming\npm
10 verbose lifecycle typescript_stu2@1.0.0~webpack: CWD: E:\code\webstorm\js-study\typescript_stu2
11 silly lifecycle typescript_stu2@1.0.0~webpack: Args: [ '/d /s /c', 'webpack' ]
12 silly lifecycle typescript_stu2@1.0.0~webpack: Returned: code: 4294967295  signal: null
13 info lifecycle typescript_stu2@1.0.0~webpack: Failed to exec webpack script
14 verbose stack Error: typescript_stu2@1.0.0 webpack: `webpack`
14 verbose stack Exit status 4294967295
14 verbose stack     at EventEmitter.<anonymous> (C:\Users\yicj\AppData\Roaming\npm\node_modules\npm\lib\utils\lifecycle.js:279:16)
14 verbose stack     at emitTwo (events.js:106:13)
14 verbose stack     at EventEmitter.emit (events.js:191:7)
14 verbose stack     at ChildProcess.<anonymous> (C:\Users\yicj\AppData\Roaming\npm\node_modules\npm\lib\utils\spawn.js:40:14)
14 verbose stack     at emitTwo (events.js:106:13)
14 verbose stack     at ChildProcess.emit (events.js:191:7)
14 verbose stack     at maybeClose (internal/child_process.js:886:16)
14 verbose stack     at Process.ChildProcess._handle.onexit (internal/child_process.js:226:5)
15 verbose pkgid typescript_stu2@1.0.0
16 verbose cwd E:\code\webstorm\js-study\typescript_stu2
17 error Windows_NT 6.1.7601
18 error argv "E:\\install\\nodejs\\node.exe" "C:\\Users\\yicj\\AppData\\Roaming\\npm\\node_modules\\npm\\bin\\npm-cli.js" "run" "webpack"
19 error node v6.10.2
20 error npm  v4.0.2
21 error code ELIFECYCLE
22 error typescript_stu2@1.0.0 webpack: `webpack`
22 error Exit status 4294967295
23 error Failed at the typescript_stu2@1.0.0 webpack script 'webpack'.
23 error Make sure you have the latest version of node.js and npm installed.
23 error If you do, this is most likely a problem with the typescript_stu2 package,
23 error not with npm itself.
23 error Tell the author that this fails on your system:
23 error     webpack
23 error You can get information on how to open an issue for this project with:
23 error     npm bugs typescript_stu2
23 error Or if that isn't available, you can get their info via:
23 error     npm owner ls typescript_stu2
23 error There is likely additional logging output above.
24 verbose exit [ 1, true ]
